{"/Users/ericchhour/repos/SEG3103-Stirling-PDF/.stryker-tmp/sandbox-E7v2Zx/stirling-pdf/src/main/resources/static/js/sign/signature-canvas.js": {"path":"/Users/ericchhour/repos/SEG3103-Stirling-PDF/.stryker-tmp/sandbox-E7v2Zx/stirling-pdf/src/main/resources/static/js/sign/signature-canvas.js","statementMap":{"0":{"start":{"line":2,"column":27},"end":{"line":2,"column":72}},"1":{"start":{"line":3,"column":19},"end":{"line":3,"column":67}},"2":{"start":{"line":4,"column":19},"end":{"line":4,"column":67}},"3":{"start":{"line":5,"column":21},"end":{"line":9,"column":2}},"4":{"start":{"line":11,"column":15},"end":{"line":11,"column":17}},"5":{"start":{"line":13,"column":0},"end":{"line":15,"column":3}},"6":{"start":{"line":14,"column":2},"end":{"line":14,"column":16}},"7":{"start":{"line":17,"column":0},"end":{"line":26,"column":3}},"8":{"start":{"line":18,"column":2},"end":{"line":25,"column":3}},"9":{"start":{"line":20,"column":6},"end":{"line":20,"column":25}},"10":{"start":{"line":21,"column":6},"end":{"line":21,"column":12}},"11":{"start":{"line":23,"column":6},"end":{"line":23,"column":25}},"12":{"start":{"line":24,"column":6},"end":{"line":24,"column":12}},"13":{"start":{"line":29,"column":15},"end":{"line":29,"column":36}},"14":{"start":{"line":30,"column":2},"end":{"line":34,"column":3}},"15":{"start":{"line":31,"column":20},"end":{"line":31,"column":30}},"16":{"start":{"line":32,"column":4},"end":{"line":32,"column":27}},"17":{"start":{"line":33,"column":4},"end":{"line":33,"column":32}},"18":{"start":{"line":38,"column":2},"end":{"line":42,"column":3}},"19":{"start":{"line":39,"column":17},"end":{"line":39,"column":38}},"20":{"start":{"line":40,"column":4},"end":{"line":40,"column":30}},"21":{"start":{"line":41,"column":4},"end":{"line":41,"column":32}},"22":{"start":{"line":46,"column":2},"end":{"line":46,"column":37}},"23":{"start":{"line":46,"column":30},"end":{"line":46,"column":37}},"24":{"start":{"line":47,"column":20},"end":{"line":47,"column":30}},"25":{"start":{"line":48,"column":25},"end":{"line":48,"column":68}},"26":{"start":{"line":49,"column":2},"end":{"line":49,"column":38}},"27":{"start":{"line":50,"column":2},"end":{"line":50,"column":62}},"28":{"start":{"line":54,"column":20},"end":{"line":54,"column":73}},"29":{"start":{"line":55,"column":22},"end":{"line":55,"column":34}},"30":{"start":{"line":56,"column":23},"end":{"line":56,"column":36}},"31":{"start":{"line":57,"column":18},"end":{"line":57,"column":79}},"32":{"start":{"line":59,"column":13},"end":{"line":59,"column":30}},"33":{"start":{"line":60,"column":11},"end":{"line":60,"column":13}},"34":{"start":{"line":61,"column":11},"end":{"line":61,"column":29}},"35":{"start":{"line":62,"column":11},"end":{"line":62,"column":13}},"36":{"start":{"line":64,"column":2},"end":{"line":75,"column":3}},"37":{"start":{"line":64,"column":15},"end":{"line":64,"column":16}},"38":{"start":{"line":65,"column":4},"end":{"line":74,"column":5}},"39":{"start":{"line":65,"column":17},"end":{"line":65,"column":18}},"40":{"start":{"line":66,"column":16},"end":{"line":66,"column":43}},"41":{"start":{"line":67,"column":18},"end":{"line":67,"column":41}},"42":{"start":{"line":68,"column":6},"end":{"line":73,"column":7}},"43":{"start":{"line":69,"column":8},"end":{"line":69,"column":31}},"44":{"start":{"line":69,"column":22},"end":{"line":69,"column":31}},"45":{"start":{"line":70,"column":8},"end":{"line":70,"column":31}},"46":{"start":{"line":70,"column":22},"end":{"line":70,"column":31}},"47":{"start":{"line":71,"column":8},"end":{"line":71,"column":31}},"48":{"start":{"line":71,"column":22},"end":{"line":71,"column":31}},"49":{"start":{"line":72,"column":8},"end":{"line":72,"column":31}},"50":{"start":{"line":72,"column":22},"end":{"line":72,"column":31}},"51":{"start":{"line":77,"column":21},"end":{"line":77,"column":32}},"52":{"start":{"line":78,"column":22},"end":{"line":78,"column":33}},"53":{"start":{"line":79,"column":2},"end":{"line":79,"column":57}},"54":{"start":{"line":79,"column":45},"end":{"line":79,"column":57}},"55":{"start":{"line":80,"column":21},"end":{"line":80,"column":86}},"56":{"start":{"line":82,"column":22},"end":{"line":82,"column":54}},"57":{"start":{"line":83,"column":19},"end":{"line":83,"column":49}},"58":{"start":{"line":85,"column":2},"end":{"line":85,"column":37}},"59":{"start":{"line":86,"column":2},"end":{"line":86,"column":39}},"60":{"start":{"line":87,"column":2},"end":{"line":87,"column":46}},"61":{"start":{"line":89,"column":2},"end":{"line":89,"column":35}},"62":{"start":{"line":93,"column":25},"end":{"line":93,"column":108}},"63":{"start":{"line":94,"column":24},"end":{"line":94,"column":71}},"64":{"start":{"line":95,"column":2},"end":{"line":95,"column":41}},"65":{"start":{"line":99,"column":2},"end":{"line":99,"column":29}},"66":{"start":{"line":103,"column":16},"end":{"line":103,"column":57}},"67":{"start":{"line":104,"column":27},"end":{"line":104,"column":51}},"68":{"start":{"line":106,"column":2},"end":{"line":106,"column":87}},"69":{"start":{"line":107,"column":2},"end":{"line":107,"column":89}},"70":{"start":{"line":108,"column":2},"end":{"line":108,"column":96}},"71":{"start":{"line":110,"column":2},"end":{"line":110,"column":23}},"72":{"start":{"line":113,"column":17},"end":{"line":119,"column":1}},"73":{"start":{"line":115,"column":2},"end":{"line":118,"column":4}},"74":{"start":{"line":116,"column":4},"end":{"line":116,"column":24}},"75":{"start":{"line":117,"column":4},"end":{"line":117,"column":49}},"76":{"start":{"line":117,"column":29},"end":{"line":117,"column":40}},"77":{"start":{"line":121,"column":24},"end":{"line":121,"column":51}},"78":{"start":{"line":123,"column":0},"end":{"line":127,"column":31}},"79":{"start":{"line":124,"column":2},"end":{"line":126,"column":3}},"80":{"start":{"line":124,"column":30},"end":{"line":124,"column":57}},"81":{"start":{"line":125,"column":4},"end":{"line":125,"column":22}},"82":{"start":{"line":129,"column":0},"end":{"line":129,"column":64}},"83":{"start":{"line":132,"column":0},"end":{"line":143,"column":1}},"84":{"start":{"line":133,"column":2},"end":{"line":142,"column":4}}},"fnMap":{"0":{"name":"(anonymous_0)","decl":{"start":{"line":13,"column":43},"end":{"line":13,"column":44}},"loc":{"start":{"line":13,"column":49},"end":{"line":15,"column":1}},"line":13},"1":{"name":"(anonymous_1)","decl":{"start":{"line":17,"column":35},"end":{"line":17,"column":36}},"loc":{"start":{"line":17,"column":46},"end":{"line":26,"column":1}},"line":17},"2":{"name":"undoDraw","decl":{"start":{"line":28,"column":9},"end":{"line":28,"column":17}},"loc":{"start":{"line":28,"column":20},"end":{"line":35,"column":1}},"line":28},"3":{"name":"redoDraw","decl":{"start":{"line":37,"column":9},"end":{"line":37,"column":17}},"loc":{"start":{"line":37,"column":20},"end":{"line":43,"column":1}},"line":37},"4":{"name":"addDraggableFromPad","decl":{"start":{"line":45,"column":9},"end":{"line":45,"column":28}},"loc":{"start":{"line":45,"column":31},"end":{"line":51,"column":1}},"line":45},"5":{"name":"getCroppedCanvasDataUrl","decl":{"start":{"line":53,"column":9},"end":{"line":53,"column":32}},"loc":{"start":{"line":53,"column":41},"end":{"line":90,"column":1}},"line":53},"6":{"name":"isMobile","decl":{"start":{"line":92,"column":9},"end":{"line":92,"column":17}},"loc":{"start":{"line":92,"column":20},"end":{"line":96,"column":1}},"line":92},"7":{"name":"getDeviceScalingFactor","decl":{"start":{"line":98,"column":9},"end":{"line":98,"column":31}},"loc":{"start":{"line":98,"column":34},"end":{"line":100,"column":1}},"line":98},"8":{"name":"resizeCanvas","decl":{"start":{"line":102,"column":9},"end":{"line":102,"column":21}},"loc":{"start":{"line":102,"column":24},"end":{"line":111,"column":1}},"line":102},"9":{"name":"(anonymous_9)","decl":{"start":{"line":113,"column":17},"end":{"line":113,"column":18}},"loc":{"start":{"line":113,"column":38},"end":{"line":119,"column":1}},"line":113},"10":{"name":"(anonymous_10)","decl":{"start":{"line":115,"column":9},"end":{"line":115,"column":10}},"loc":{"start":{"line":115,"column":22},"end":{"line":118,"column":3}},"line":115},"11":{"name":"(anonymous_11)","decl":{"start":{"line":117,"column":23},"end":{"line":117,"column":24}},"loc":{"start":{"line":117,"column":29},"end":{"line":117,"column":40}},"line":117},"12":{"name":"(anonymous_12)","decl":{"start":{"line":123,"column":25},"end":{"line":123,"column":26}},"loc":{"start":{"line":123,"column":38},"end":{"line":127,"column":1}},"line":123},"13":{"name":"(anonymous_13)","decl":{"start":{"line":124,"column":19},"end":{"line":124,"column":20}},"loc":{"start":{"line":124,"column":30},"end":{"line":124,"column":57}},"line":124}},"branchMap":{"0":{"loc":{"start":{"line":18,"column":2},"end":{"line":25,"column":3}},"type":"switch","locations":[{"start":{"line":19,"column":4},"end":{"line":21,"column":12}},{"start":{"line":22,"column":4},"end":{"line":24,"column":12}}],"line":18},"1":{"loc":{"start":{"line":19,"column":9},"end":{"line":19,"column":43}},"type":"binary-expr","locations":[{"start":{"line":19,"column":9},"end":{"line":19,"column":26}},{"start":{"line":19,"column":30},"end":{"line":19,"column":43}}],"line":19},"2":{"loc":{"start":{"line":22,"column":9},"end":{"line":22,"column":43}},"type":"binary-expr","locations":[{"start":{"line":22,"column":9},"end":{"line":22,"column":26}},{"start":{"line":22,"column":30},"end":{"line":22,"column":43}}],"line":22},"3":{"loc":{"start":{"line":30,"column":2},"end":{"line":34,"column":3}},"type":"if","locations":[{"start":{"line":30,"column":2},"end":{"line":34,"column":3}},{"start":{},"end":{}}],"line":30},"4":{"loc":{"start":{"line":30,"column":6},"end":{"line":30,"column":29}},"type":"binary-expr","locations":[{"start":{"line":30,"column":6},"end":{"line":30,"column":10}},{"start":{"line":30,"column":14},"end":{"line":30,"column":29}}],"line":30},"5":{"loc":{"start":{"line":38,"column":2},"end":{"line":42,"column":3}},"type":"if","locations":[{"start":{"line":38,"column":2},"end":{"line":42,"column":3}},{"start":{},"end":{}}],"line":38},"6":{"loc":{"start":{"line":46,"column":2},"end":{"line":46,"column":37}},"type":"if","locations":[{"start":{"line":46,"column":2},"end":{"line":46,"column":37}},{"start":{},"end":{}}],"line":46},"7":{"loc":{"start":{"line":68,"column":6},"end":{"line":73,"column":7}},"type":"if","locations":[{"start":{"line":68,"column":6},"end":{"line":73,"column":7}},{"start":{},"end":{}}],"line":68},"8":{"loc":{"start":{"line":69,"column":8},"end":{"line":69,"column":31}},"type":"if","locations":[{"start":{"line":69,"column":8},"end":{"line":69,"column":31}},{"start":{},"end":{}}],"line":69},"9":{"loc":{"start":{"line":70,"column":8},"end":{"line":70,"column":31}},"type":"if","locations":[{"start":{"line":70,"column":8},"end":{"line":70,"column":31}},{"start":{},"end":{}}],"line":70},"10":{"loc":{"start":{"line":71,"column":8},"end":{"line":71,"column":31}},"type":"if","locations":[{"start":{"line":71,"column":8},"end":{"line":71,"column":31}},{"start":{},"end":{}}],"line":71},"11":{"loc":{"start":{"line":72,"column":8},"end":{"line":72,"column":31}},"type":"if","locations":[{"start":{"line":72,"column":8},"end":{"line":72,"column":31}},{"start":{},"end":{}}],"line":72},"12":{"loc":{"start":{"line":79,"column":2},"end":{"line":79,"column":57}},"type":"if","locations":[{"start":{"line":79,"column":2},"end":{"line":79,"column":57}},{"start":{},"end":{}}],"line":79},"13":{"loc":{"start":{"line":79,"column":6},"end":{"line":79,"column":43}},"type":"binary-expr","locations":[{"start":{"line":79,"column":6},"end":{"line":79,"column":22}},{"start":{"line":79,"column":26},"end":{"line":79,"column":43}}],"line":79},"14":{"loc":{"start":{"line":95,"column":9},"end":{"line":95,"column":40}},"type":"binary-expr","locations":[{"start":{"line":95,"column":9},"end":{"line":95,"column":23}},{"start":{"line":95,"column":27},"end":{"line":95,"column":40}}],"line":95},"15":{"loc":{"start":{"line":99,"column":9},"end":{"line":99,"column":28}},"type":"cond-expr","locations":[{"start":{"line":99,"column":22},"end":{"line":99,"column":23}},{"start":{"line":99,"column":26},"end":{"line":99,"column":28}}],"line":99},"16":{"loc":{"start":{"line":103,"column":25},"end":{"line":103,"column":53}},"type":"binary-expr","locations":[{"start":{"line":103,"column":25},"end":{"line":103,"column":48}},{"start":{"line":103,"column":52},"end":{"line":103,"column":53}}],"line":103},"17":{"loc":{"start":{"line":113,"column":22},"end":{"line":113,"column":33}},"type":"default-arg","locations":[{"start":{"line":113,"column":30},"end":{"line":113,"column":33}}],"line":113},"18":{"loc":{"start":{"line":124,"column":2},"end":{"line":126,"column":3}},"type":"if","locations":[{"start":{"line":124,"column":2},"end":{"line":126,"column":3}},{"start":{},"end":{}}],"line":124},"19":{"loc":{"start":{"line":132,"column":0},"end":{"line":143,"column":1}},"type":"if","locations":[{"start":{"line":132,"column":0},"end":{"line":143,"column":1}},{"start":{},"end":{}}],"line":132},"20":{"loc":{"start":{"line":132,"column":4},"end":{"line":132,"column":51}},"type":"binary-expr","locations":[{"start":{"line":132,"column":4},"end":{"line":132,"column":33}},{"start":{"line":132,"column":37},"end":{"line":132,"column":51}}],"line":132}},"s":{"0":7,"1":7,"2":7,"3":7,"4":7,"5":7,"6":1,"7":7,"8":5,"9":2,"10":2,"11":3,"12":3,"13":1,"14":1,"15":1,"16":1,"17":1,"18":1,"19":0,"20":0,"21":0,"22":1,"23":0,"24":1,"25":1,"26":1,"27":1,"28":1,"29":1,"30":1,"31":1,"32":1,"33":1,"34":1,"35":1,"36":1,"37":1,"38":150,"39":150,"40":45000,"41":45000,"42":45000,"43":0,"44":0,"45":0,"46":0,"47":0,"48":0,"49":0,"50":0,"51":1,"52":1,"53":1,"54":1,"55":0,"56":0,"57":0,"58":0,"59":0,"60":0,"61":0,"62":1,"63":1,"64":1,"65":1,"66":1,"67":1,"68":1,"69":1,"70":1,"71":1,"72":7,"73":7,"74":0,"75":0,"76":0,"77":7,"78":7,"79":0,"80":0,"81":0,"82":7,"83":7,"84":7},"f":{"0":1,"1":5,"2":1,"3":1,"4":1,"5":1,"6":1,"7":1,"8":1,"9":7,"10":0,"11":0,"12":0,"13":0},"b":{"0":[2,3],"1":[5,2],"2":[3,3],"3":[1,0],"4":[1,1],"5":[0,1],"6":[0,1],"7":[0,45000],"8":[0,0],"9":[0,0],"10":[0,0],"11":[0,0],"12":[1,0],"13":[1,0],"14":[1,1],"15":[0,1],"16":[1,0],"17":[0],"18":[0,0],"19":[7,0],"20":[7,7]},"_coverageSchema":"1a1c01bbd47fc00a2c39e90264f33305004495a9","hash":"4cd6218a5dda68a2d64fa659f1557a7cc5f35f3c"}
,"/Users/ericchhour/repos/SEG3103-Stirling-PDF/.stryker-tmp/sandbox-n0HRjq/stirling-pdf/src/main/resources/static/js/sign/signature-canvas.js": {"path":"/Users/ericchhour/repos/SEG3103-Stirling-PDF/.stryker-tmp/sandbox-n0HRjq/stirling-pdf/src/main/resources/static/js/sign/signature-canvas.js","statementMap":{"0":{"start":{"line":2,"column":27},"end":{"line":2,"column":72}},"1":{"start":{"line":3,"column":19},"end":{"line":3,"column":67}},"2":{"start":{"line":4,"column":19},"end":{"line":4,"column":67}},"3":{"start":{"line":5,"column":21},"end":{"line":9,"column":2}},"4":{"start":{"line":11,"column":15},"end":{"line":11,"column":17}},"5":{"start":{"line":13,"column":0},"end":{"line":15,"column":3}},"6":{"start":{"line":14,"column":2},"end":{"line":14,"column":16}},"7":{"start":{"line":17,"column":0},"end":{"line":26,"column":3}},"8":{"start":{"line":18,"column":2},"end":{"line":25,"column":3}},"9":{"start":{"line":20,"column":6},"end":{"line":20,"column":25}},"10":{"start":{"line":21,"column":6},"end":{"line":21,"column":12}},"11":{"start":{"line":23,"column":6},"end":{"line":23,"column":25}},"12":{"start":{"line":24,"column":6},"end":{"line":24,"column":12}},"13":{"start":{"line":29,"column":15},"end":{"line":29,"column":36}},"14":{"start":{"line":30,"column":2},"end":{"line":34,"column":3}},"15":{"start":{"line":31,"column":20},"end":{"line":31,"column":30}},"16":{"start":{"line":32,"column":4},"end":{"line":32,"column":27}},"17":{"start":{"line":33,"column":4},"end":{"line":33,"column":32}},"18":{"start":{"line":38,"column":2},"end":{"line":42,"column":3}},"19":{"start":{"line":39,"column":17},"end":{"line":39,"column":38}},"20":{"start":{"line":40,"column":4},"end":{"line":40,"column":30}},"21":{"start":{"line":41,"column":4},"end":{"line":41,"column":32}},"22":{"start":{"line":46,"column":2},"end":{"line":46,"column":37}},"23":{"start":{"line":46,"column":30},"end":{"line":46,"column":37}},"24":{"start":{"line":47,"column":20},"end":{"line":47,"column":30}},"25":{"start":{"line":48,"column":25},"end":{"line":48,"column":68}},"26":{"start":{"line":49,"column":2},"end":{"line":49,"column":38}},"27":{"start":{"line":50,"column":2},"end":{"line":50,"column":62}},"28":{"start":{"line":54,"column":20},"end":{"line":54,"column":73}},"29":{"start":{"line":55,"column":22},"end":{"line":55,"column":34}},"30":{"start":{"line":56,"column":23},"end":{"line":56,"column":36}},"31":{"start":{"line":57,"column":18},"end":{"line":57,"column":79}},"32":{"start":{"line":59,"column":13},"end":{"line":59,"column":30}},"33":{"start":{"line":60,"column":11},"end":{"line":60,"column":13}},"34":{"start":{"line":61,"column":11},"end":{"line":61,"column":29}},"35":{"start":{"line":62,"column":11},"end":{"line":62,"column":13}},"36":{"start":{"line":64,"column":2},"end":{"line":75,"column":3}},"37":{"start":{"line":64,"column":15},"end":{"line":64,"column":16}},"38":{"start":{"line":65,"column":4},"end":{"line":74,"column":5}},"39":{"start":{"line":65,"column":17},"end":{"line":65,"column":18}},"40":{"start":{"line":66,"column":16},"end":{"line":66,"column":43}},"41":{"start":{"line":67,"column":18},"end":{"line":67,"column":41}},"42":{"start":{"line":68,"column":6},"end":{"line":73,"column":7}},"43":{"start":{"line":69,"column":8},"end":{"line":69,"column":31}},"44":{"start":{"line":69,"column":22},"end":{"line":69,"column":31}},"45":{"start":{"line":70,"column":8},"end":{"line":70,"column":31}},"46":{"start":{"line":70,"column":22},"end":{"line":70,"column":31}},"47":{"start":{"line":71,"column":8},"end":{"line":71,"column":31}},"48":{"start":{"line":71,"column":22},"end":{"line":71,"column":31}},"49":{"start":{"line":72,"column":8},"end":{"line":72,"column":31}},"50":{"start":{"line":72,"column":22},"end":{"line":72,"column":31}},"51":{"start":{"line":77,"column":21},"end":{"line":77,"column":32}},"52":{"start":{"line":78,"column":22},"end":{"line":78,"column":33}},"53":{"start":{"line":79,"column":2},"end":{"line":79,"column":57}},"54":{"start":{"line":79,"column":45},"end":{"line":79,"column":57}},"55":{"start":{"line":80,"column":21},"end":{"line":80,"column":86}},"56":{"start":{"line":82,"column":22},"end":{"line":82,"column":54}},"57":{"start":{"line":83,"column":19},"end":{"line":83,"column":49}},"58":{"start":{"line":85,"column":2},"end":{"line":85,"column":37}},"59":{"start":{"line":86,"column":2},"end":{"line":86,"column":39}},"60":{"start":{"line":87,"column":2},"end":{"line":87,"column":46}},"61":{"start":{"line":89,"column":2},"end":{"line":89,"column":35}},"62":{"start":{"line":93,"column":25},"end":{"line":93,"column":108}},"63":{"start":{"line":94,"column":24},"end":{"line":94,"column":71}},"64":{"start":{"line":95,"column":2},"end":{"line":95,"column":41}},"65":{"start":{"line":99,"column":2},"end":{"line":99,"column":29}},"66":{"start":{"line":103,"column":16},"end":{"line":103,"column":57}},"67":{"start":{"line":104,"column":27},"end":{"line":104,"column":51}},"68":{"start":{"line":106,"column":2},"end":{"line":106,"column":87}},"69":{"start":{"line":107,"column":2},"end":{"line":107,"column":89}},"70":{"start":{"line":108,"column":2},"end":{"line":108,"column":96}},"71":{"start":{"line":110,"column":2},"end":{"line":110,"column":23}},"72":{"start":{"line":113,"column":17},"end":{"line":119,"column":1}},"73":{"start":{"line":115,"column":2},"end":{"line":118,"column":4}},"74":{"start":{"line":116,"column":4},"end":{"line":116,"column":24}},"75":{"start":{"line":117,"column":4},"end":{"line":117,"column":49}},"76":{"start":{"line":117,"column":29},"end":{"line":117,"column":40}},"77":{"start":{"line":121,"column":24},"end":{"line":121,"column":51}},"78":{"start":{"line":123,"column":0},"end":{"line":127,"column":31}},"79":{"start":{"line":124,"column":2},"end":{"line":126,"column":3}},"80":{"start":{"line":124,"column":30},"end":{"line":124,"column":57}},"81":{"start":{"line":125,"column":4},"end":{"line":125,"column":22}},"82":{"start":{"line":129,"column":0},"end":{"line":129,"column":64}},"83":{"start":{"line":132,"column":0},"end":{"line":143,"column":1}},"84":{"start":{"line":133,"column":2},"end":{"line":142,"column":4}}},"fnMap":{"0":{"name":"(anonymous_0)","decl":{"start":{"line":13,"column":43},"end":{"line":13,"column":44}},"loc":{"start":{"line":13,"column":49},"end":{"line":15,"column":1}},"line":13},"1":{"name":"(anonymous_1)","decl":{"start":{"line":17,"column":35},"end":{"line":17,"column":36}},"loc":{"start":{"line":17,"column":46},"end":{"line":26,"column":1}},"line":17},"2":{"name":"undoDraw","decl":{"start":{"line":28,"column":9},"end":{"line":28,"column":17}},"loc":{"start":{"line":28,"column":20},"end":{"line":35,"column":1}},"line":28},"3":{"name":"redoDraw","decl":{"start":{"line":37,"column":9},"end":{"line":37,"column":17}},"loc":{"start":{"line":37,"column":20},"end":{"line":43,"column":1}},"line":37},"4":{"name":"addDraggableFromPad","decl":{"start":{"line":45,"column":9},"end":{"line":45,"column":28}},"loc":{"start":{"line":45,"column":31},"end":{"line":51,"column":1}},"line":45},"5":{"name":"getCroppedCanvasDataUrl","decl":{"start":{"line":53,"column":9},"end":{"line":53,"column":32}},"loc":{"start":{"line":53,"column":41},"end":{"line":90,"column":1}},"line":53},"6":{"name":"isMobile","decl":{"start":{"line":92,"column":9},"end":{"line":92,"column":17}},"loc":{"start":{"line":92,"column":20},"end":{"line":96,"column":1}},"line":92},"7":{"name":"getDeviceScalingFactor","decl":{"start":{"line":98,"column":9},"end":{"line":98,"column":31}},"loc":{"start":{"line":98,"column":34},"end":{"line":100,"column":1}},"line":98},"8":{"name":"resizeCanvas","decl":{"start":{"line":102,"column":9},"end":{"line":102,"column":21}},"loc":{"start":{"line":102,"column":24},"end":{"line":111,"column":1}},"line":102},"9":{"name":"(anonymous_9)","decl":{"start":{"line":113,"column":17},"end":{"line":113,"column":18}},"loc":{"start":{"line":113,"column":38},"end":{"line":119,"column":1}},"line":113},"10":{"name":"(anonymous_10)","decl":{"start":{"line":115,"column":9},"end":{"line":115,"column":10}},"loc":{"start":{"line":115,"column":22},"end":{"line":118,"column":3}},"line":115},"11":{"name":"(anonymous_11)","decl":{"start":{"line":117,"column":23},"end":{"line":117,"column":24}},"loc":{"start":{"line":117,"column":29},"end":{"line":117,"column":40}},"line":117},"12":{"name":"(anonymous_12)","decl":{"start":{"line":123,"column":25},"end":{"line":123,"column":26}},"loc":{"start":{"line":123,"column":38},"end":{"line":127,"column":1}},"line":123},"13":{"name":"(anonymous_13)","decl":{"start":{"line":124,"column":19},"end":{"line":124,"column":20}},"loc":{"start":{"line":124,"column":30},"end":{"line":124,"column":57}},"line":124}},"branchMap":{"0":{"loc":{"start":{"line":18,"column":2},"end":{"line":25,"column":3}},"type":"switch","locations":[{"start":{"line":19,"column":4},"end":{"line":21,"column":12}},{"start":{"line":22,"column":4},"end":{"line":24,"column":12}}],"line":18},"1":{"loc":{"start":{"line":19,"column":9},"end":{"line":19,"column":43}},"type":"binary-expr","locations":[{"start":{"line":19,"column":9},"end":{"line":19,"column":26}},{"start":{"line":19,"column":30},"end":{"line":19,"column":43}}],"line":19},"2":{"loc":{"start":{"line":22,"column":9},"end":{"line":22,"column":43}},"type":"binary-expr","locations":[{"start":{"line":22,"column":9},"end":{"line":22,"column":26}},{"start":{"line":22,"column":30},"end":{"line":22,"column":43}}],"line":22},"3":{"loc":{"start":{"line":30,"column":2},"end":{"line":34,"column":3}},"type":"if","locations":[{"start":{"line":30,"column":2},"end":{"line":34,"column":3}},{"start":{},"end":{}}],"line":30},"4":{"loc":{"start":{"line":30,"column":6},"end":{"line":30,"column":29}},"type":"binary-expr","locations":[{"start":{"line":30,"column":6},"end":{"line":30,"column":10}},{"start":{"line":30,"column":14},"end":{"line":30,"column":29}}],"line":30},"5":{"loc":{"start":{"line":38,"column":2},"end":{"line":42,"column":3}},"type":"if","locations":[{"start":{"line":38,"column":2},"end":{"line":42,"column":3}},{"start":{},"end":{}}],"line":38},"6":{"loc":{"start":{"line":46,"column":2},"end":{"line":46,"column":37}},"type":"if","locations":[{"start":{"line":46,"column":2},"end":{"line":46,"column":37}},{"start":{},"end":{}}],"line":46},"7":{"loc":{"start":{"line":68,"column":6},"end":{"line":73,"column":7}},"type":"if","locations":[{"start":{"line":68,"column":6},"end":{"line":73,"column":7}},{"start":{},"end":{}}],"line":68},"8":{"loc":{"start":{"line":69,"column":8},"end":{"line":69,"column":31}},"type":"if","locations":[{"start":{"line":69,"column":8},"end":{"line":69,"column":31}},{"start":{},"end":{}}],"line":69},"9":{"loc":{"start":{"line":70,"column":8},"end":{"line":70,"column":31}},"type":"if","locations":[{"start":{"line":70,"column":8},"end":{"line":70,"column":31}},{"start":{},"end":{}}],"line":70},"10":{"loc":{"start":{"line":71,"column":8},"end":{"line":71,"column":31}},"type":"if","locations":[{"start":{"line":71,"column":8},"end":{"line":71,"column":31}},{"start":{},"end":{}}],"line":71},"11":{"loc":{"start":{"line":72,"column":8},"end":{"line":72,"column":31}},"type":"if","locations":[{"start":{"line":72,"column":8},"end":{"line":72,"column":31}},{"start":{},"end":{}}],"line":72},"12":{"loc":{"start":{"line":79,"column":2},"end":{"line":79,"column":57}},"type":"if","locations":[{"start":{"line":79,"column":2},"end":{"line":79,"column":57}},{"start":{},"end":{}}],"line":79},"13":{"loc":{"start":{"line":79,"column":6},"end":{"line":79,"column":43}},"type":"binary-expr","locations":[{"start":{"line":79,"column":6},"end":{"line":79,"column":22}},{"start":{"line":79,"column":26},"end":{"line":79,"column":43}}],"line":79},"14":{"loc":{"start":{"line":95,"column":9},"end":{"line":95,"column":40}},"type":"binary-expr","locations":[{"start":{"line":95,"column":9},"end":{"line":95,"column":23}},{"start":{"line":95,"column":27},"end":{"line":95,"column":40}}],"line":95},"15":{"loc":{"start":{"line":99,"column":9},"end":{"line":99,"column":28}},"type":"cond-expr","locations":[{"start":{"line":99,"column":22},"end":{"line":99,"column":23}},{"start":{"line":99,"column":26},"end":{"line":99,"column":28}}],"line":99},"16":{"loc":{"start":{"line":103,"column":25},"end":{"line":103,"column":53}},"type":"binary-expr","locations":[{"start":{"line":103,"column":25},"end":{"line":103,"column":48}},{"start":{"line":103,"column":52},"end":{"line":103,"column":53}}],"line":103},"17":{"loc":{"start":{"line":113,"column":22},"end":{"line":113,"column":33}},"type":"default-arg","locations":[{"start":{"line":113,"column":30},"end":{"line":113,"column":33}}],"line":113},"18":{"loc":{"start":{"line":124,"column":2},"end":{"line":126,"column":3}},"type":"if","locations":[{"start":{"line":124,"column":2},"end":{"line":126,"column":3}},{"start":{},"end":{}}],"line":124},"19":{"loc":{"start":{"line":132,"column":0},"end":{"line":143,"column":1}},"type":"if","locations":[{"start":{"line":132,"column":0},"end":{"line":143,"column":1}},{"start":{},"end":{}}],"line":132},"20":{"loc":{"start":{"line":132,"column":4},"end":{"line":132,"column":51}},"type":"binary-expr","locations":[{"start":{"line":132,"column":4},"end":{"line":132,"column":33}},{"start":{"line":132,"column":37},"end":{"line":132,"column":51}}],"line":132}},"s":{"0":7,"1":7,"2":7,"3":7,"4":7,"5":7,"6":1,"7":7,"8":5,"9":2,"10":2,"11":3,"12":3,"13":1,"14":1,"15":1,"16":1,"17":1,"18":1,"19":0,"20":0,"21":0,"22":1,"23":0,"24":1,"25":1,"26":1,"27":1,"28":1,"29":1,"30":1,"31":1,"32":1,"33":1,"34":1,"35":1,"36":1,"37":1,"38":150,"39":150,"40":45000,"41":45000,"42":45000,"43":0,"44":0,"45":0,"46":0,"47":0,"48":0,"49":0,"50":0,"51":1,"52":1,"53":1,"54":1,"55":0,"56":0,"57":0,"58":0,"59":0,"60":0,"61":0,"62":1,"63":1,"64":1,"65":1,"66":1,"67":1,"68":1,"69":1,"70":1,"71":1,"72":7,"73":7,"74":0,"75":0,"76":0,"77":7,"78":7,"79":0,"80":0,"81":0,"82":7,"83":7,"84":7},"f":{"0":1,"1":5,"2":1,"3":1,"4":1,"5":1,"6":1,"7":1,"8":1,"9":7,"10":0,"11":0,"12":0,"13":0},"b":{"0":[2,3],"1":[5,2],"2":[3,3],"3":[1,0],"4":[1,1],"5":[0,1],"6":[0,1],"7":[0,45000],"8":[0,0],"9":[0,0],"10":[0,0],"11":[0,0],"12":[1,0],"13":[1,0],"14":[1,1],"15":[0,1],"16":[1,0],"17":[0],"18":[0,0],"19":[7,0],"20":[7,7]},"_coverageSchema":"1a1c01bbd47fc00a2c39e90264f33305004495a9","hash":"c6d7e4afa6774eb56a4337f5b5cb4e929b1702ef"}
,"/Users/ericchhour/repos/SEG3103-Stirling-PDF/stirling-pdf/src/main/resources/static/js/sign/signature-canvas.js": {"path":"/Users/ericchhour/repos/SEG3103-Stirling-PDF/stirling-pdf/src/main/resources/static/js/sign/signature-canvas.js","statementMap":{"0":{"start":{"line":3,"column":15},"end":{"line":3,"column":17}},"1":{"start":{"line":8,"column":2},"end":{"line":8,"column":69}},"2":{"start":{"line":9,"column":2},"end":{"line":9,"column":64}},"3":{"start":{"line":10,"column":2},"end":{"line":10,"column":64}},"4":{"start":{"line":12,"column":2},"end":{"line":16,"column":5}},"5":{"start":{"line":18,"column":2},"end":{"line":20,"column":5}},"6":{"start":{"line":19,"column":4},"end":{"line":19,"column":18}},"7":{"start":{"line":23,"column":24},"end":{"line":32,"column":3}},"8":{"start":{"line":24,"column":4},"end":{"line":31,"column":5}},"9":{"start":{"line":26,"column":8},"end":{"line":26,"column":27}},"10":{"start":{"line":27,"column":8},"end":{"line":27,"column":14}},"11":{"start":{"line":29,"column":8},"end":{"line":29,"column":27}},"12":{"start":{"line":30,"column":8},"end":{"line":30,"column":14}},"13":{"start":{"line":34,"column":2},"end":{"line":34,"column":52}},"14":{"start":{"line":36,"column":26},"end":{"line":36,"column":53}},"15":{"start":{"line":37,"column":2},"end":{"line":41,"column":33}},"16":{"start":{"line":38,"column":4},"end":{"line":40,"column":5}},"17":{"start":{"line":38,"column":32},"end":{"line":38,"column":59}},"18":{"start":{"line":39,"column":6},"end":{"line":39,"column":24}},"19":{"start":{"line":43,"column":2},"end":{"line":43,"column":66}},"20":{"start":{"line":46,"column":2},"end":{"line":48,"column":4}},"21":{"start":{"line":47,"column":4},"end":{"line":47,"column":57}},"22":{"start":{"line":52,"column":0},"end":{"line":54,"column":1}},"23":{"start":{"line":53,"column":2},"end":{"line":53,"column":52}},"24":{"start":{"line":57,"column":15},"end":{"line":57,"column":36}},"25":{"start":{"line":58,"column":2},"end":{"line":62,"column":3}},"26":{"start":{"line":59,"column":20},"end":{"line":59,"column":30}},"27":{"start":{"line":60,"column":4},"end":{"line":60,"column":27}},"28":{"start":{"line":61,"column":4},"end":{"line":61,"column":32}},"29":{"start":{"line":66,"column":2},"end":{"line":70,"column":3}},"30":{"start":{"line":67,"column":17},"end":{"line":67,"column":38}},"31":{"start":{"line":68,"column":4},"end":{"line":68,"column":30}},"32":{"start":{"line":69,"column":4},"end":{"line":69,"column":32}},"33":{"start":{"line":74,"column":2},"end":{"line":74,"column":37}},"34":{"start":{"line":74,"column":30},"end":{"line":74,"column":37}},"35":{"start":{"line":75,"column":20},"end":{"line":75,"column":30}},"36":{"start":{"line":76,"column":25},"end":{"line":76,"column":68}},"37":{"start":{"line":77,"column":2},"end":{"line":77,"column":38}},"38":{"start":{"line":78,"column":2},"end":{"line":78,"column":62}},"39":{"start":{"line":82,"column":20},"end":{"line":82,"column":73}},"40":{"start":{"line":83,"column":22},"end":{"line":83,"column":34}},"41":{"start":{"line":84,"column":23},"end":{"line":84,"column":36}},"42":{"start":{"line":85,"column":18},"end":{"line":85,"column":79}},"43":{"start":{"line":87,"column":13},"end":{"line":87,"column":30}},"44":{"start":{"line":88,"column":11},"end":{"line":88,"column":13}},"45":{"start":{"line":89,"column":11},"end":{"line":89,"column":29}},"46":{"start":{"line":90,"column":11},"end":{"line":90,"column":13}},"47":{"start":{"line":92,"column":2},"end":{"line":103,"column":3}},"48":{"start":{"line":92,"column":15},"end":{"line":92,"column":16}},"49":{"start":{"line":93,"column":4},"end":{"line":102,"column":5}},"50":{"start":{"line":93,"column":17},"end":{"line":93,"column":18}},"51":{"start":{"line":94,"column":16},"end":{"line":94,"column":43}},"52":{"start":{"line":95,"column":18},"end":{"line":95,"column":41}},"53":{"start":{"line":96,"column":6},"end":{"line":101,"column":7}},"54":{"start":{"line":97,"column":8},"end":{"line":97,"column":31}},"55":{"start":{"line":97,"column":22},"end":{"line":97,"column":31}},"56":{"start":{"line":98,"column":8},"end":{"line":98,"column":31}},"57":{"start":{"line":98,"column":22},"end":{"line":98,"column":31}},"58":{"start":{"line":99,"column":8},"end":{"line":99,"column":31}},"59":{"start":{"line":99,"column":22},"end":{"line":99,"column":31}},"60":{"start":{"line":100,"column":8},"end":{"line":100,"column":31}},"61":{"start":{"line":100,"column":22},"end":{"line":100,"column":31}},"62":{"start":{"line":105,"column":21},"end":{"line":105,"column":32}},"63":{"start":{"line":106,"column":22},"end":{"line":106,"column":33}},"64":{"start":{"line":107,"column":2},"end":{"line":107,"column":57}},"65":{"start":{"line":107,"column":45},"end":{"line":107,"column":57}},"66":{"start":{"line":108,"column":21},"end":{"line":108,"column":86}},"67":{"start":{"line":110,"column":22},"end":{"line":110,"column":54}},"68":{"start":{"line":111,"column":19},"end":{"line":111,"column":49}},"69":{"start":{"line":113,"column":2},"end":{"line":113,"column":37}},"70":{"start":{"line":114,"column":2},"end":{"line":114,"column":39}},"71":{"start":{"line":115,"column":2},"end":{"line":115,"column":46}},"72":{"start":{"line":117,"column":2},"end":{"line":117,"column":35}},"73":{"start":{"line":121,"column":25},"end":{"line":121,"column":108}},"74":{"start":{"line":122,"column":24},"end":{"line":122,"column":71}},"75":{"start":{"line":123,"column":2},"end":{"line":123,"column":41}},"76":{"start":{"line":127,"column":2},"end":{"line":127,"column":29}},"77":{"start":{"line":131,"column":16},"end":{"line":131,"column":57}},"78":{"start":{"line":132,"column":27},"end":{"line":132,"column":51}},"79":{"start":{"line":134,"column":2},"end":{"line":134,"column":87}},"80":{"start":{"line":135,"column":2},"end":{"line":135,"column":89}},"81":{"start":{"line":136,"column":2},"end":{"line":136,"column":96}},"82":{"start":{"line":138,"column":2},"end":{"line":138,"column":23}},"83":{"start":{"line":141,"column":17},"end":{"line":147,"column":1}},"84":{"start":{"line":143,"column":2},"end":{"line":146,"column":4}},"85":{"start":{"line":144,"column":4},"end":{"line":144,"column":24}},"86":{"start":{"line":145,"column":4},"end":{"line":145,"column":49}},"87":{"start":{"line":145,"column":29},"end":{"line":145,"column":40}},"88":{"start":{"line":150,"column":0},"end":{"line":162,"column":1}},"89":{"start":{"line":151,"column":2},"end":{"line":161,"column":4}}},"fnMap":{"0":{"name":"init","decl":{"start":{"line":7,"column":9},"end":{"line":7,"column":13}},"loc":{"start":{"line":7,"column":16},"end":{"line":49,"column":1}},"line":7},"1":{"name":"(anonymous_1)","decl":{"start":{"line":18,"column":45},"end":{"line":18,"column":46}},"loc":{"start":{"line":18,"column":51},"end":{"line":20,"column":3}},"line":18},"2":{"name":"(anonymous_2)","decl":{"start":{"line":23,"column":24},"end":{"line":23,"column":25}},"loc":{"start":{"line":23,"column":35},"end":{"line":32,"column":3}},"line":23},"3":{"name":"(anonymous_3)","decl":{"start":{"line":37,"column":27},"end":{"line":37,"column":28}},"loc":{"start":{"line":37,"column":40},"end":{"line":41,"column":3}},"line":37},"4":{"name":"(anonymous_4)","decl":{"start":{"line":38,"column":21},"end":{"line":38,"column":22}},"loc":{"start":{"line":38,"column":32},"end":{"line":38,"column":59}},"line":38},"5":{"name":"cleanup","decl":{"start":{"line":46,"column":18},"end":{"line":46,"column":25}},"loc":{"start":{"line":46,"column":28},"end":{"line":48,"column":3}},"line":46},"6":{"name":"undoDraw","decl":{"start":{"line":56,"column":9},"end":{"line":56,"column":17}},"loc":{"start":{"line":56,"column":20},"end":{"line":63,"column":1}},"line":56},"7":{"name":"redoDraw","decl":{"start":{"line":65,"column":9},"end":{"line":65,"column":17}},"loc":{"start":{"line":65,"column":20},"end":{"line":71,"column":1}},"line":65},"8":{"name":"addDraggableFromPad","decl":{"start":{"line":73,"column":9},"end":{"line":73,"column":28}},"loc":{"start":{"line":73,"column":31},"end":{"line":79,"column":1}},"line":73},"9":{"name":"getCroppedCanvasDataUrl","decl":{"start":{"line":81,"column":9},"end":{"line":81,"column":32}},"loc":{"start":{"line":81,"column":41},"end":{"line":118,"column":1}},"line":81},"10":{"name":"isMobile","decl":{"start":{"line":120,"column":9},"end":{"line":120,"column":17}},"loc":{"start":{"line":120,"column":20},"end":{"line":124,"column":1}},"line":120},"11":{"name":"getDeviceScalingFactor","decl":{"start":{"line":126,"column":9},"end":{"line":126,"column":31}},"loc":{"start":{"line":126,"column":34},"end":{"line":128,"column":1}},"line":126},"12":{"name":"resizeCanvas","decl":{"start":{"line":130,"column":9},"end":{"line":130,"column":21}},"loc":{"start":{"line":130,"column":24},"end":{"line":139,"column":1}},"line":130},"13":{"name":"(anonymous_13)","decl":{"start":{"line":141,"column":17},"end":{"line":141,"column":18}},"loc":{"start":{"line":141,"column":38},"end":{"line":147,"column":1}},"line":141},"14":{"name":"(anonymous_14)","decl":{"start":{"line":143,"column":9},"end":{"line":143,"column":10}},"loc":{"start":{"line":143,"column":22},"end":{"line":146,"column":3}},"line":143},"15":{"name":"(anonymous_15)","decl":{"start":{"line":145,"column":23},"end":{"line":145,"column":24}},"loc":{"start":{"line":145,"column":29},"end":{"line":145,"column":40}},"line":145}},"branchMap":{"0":{"loc":{"start":{"line":24,"column":4},"end":{"line":31,"column":5}},"type":"switch","locations":[{"start":{"line":25,"column":6},"end":{"line":27,"column":14}},{"start":{"line":28,"column":6},"end":{"line":30,"column":14}}],"line":24},"1":{"loc":{"start":{"line":25,"column":11},"end":{"line":25,"column":45}},"type":"binary-expr","locations":[{"start":{"line":25,"column":11},"end":{"line":25,"column":28}},{"start":{"line":25,"column":32},"end":{"line":25,"column":45}}],"line":25},"2":{"loc":{"start":{"line":28,"column":11},"end":{"line":28,"column":45}},"type":"binary-expr","locations":[{"start":{"line":28,"column":11},"end":{"line":28,"column":28}},{"start":{"line":28,"column":32},"end":{"line":28,"column":45}}],"line":28},"3":{"loc":{"start":{"line":38,"column":4},"end":{"line":40,"column":5}},"type":"if","locations":[{"start":{"line":38,"column":4},"end":{"line":40,"column":5}},{"start":{},"end":{}}],"line":38},"4":{"loc":{"start":{"line":52,"column":0},"end":{"line":54,"column":1}},"type":"if","locations":[{"start":{"line":52,"column":0},"end":{"line":54,"column":1}},{"start":{},"end":{}}],"line":52},"5":{"loc":{"start":{"line":52,"column":4},"end":{"line":52,"column":66}},"type":"binary-expr","locations":[{"start":{"line":52,"column":4},"end":{"line":52,"column":33}},{"start":{"line":52,"column":37},"end":{"line":52,"column":66}}],"line":52},"6":{"loc":{"start":{"line":58,"column":2},"end":{"line":62,"column":3}},"type":"if","locations":[{"start":{"line":58,"column":2},"end":{"line":62,"column":3}},{"start":{},"end":{}}],"line":58},"7":{"loc":{"start":{"line":58,"column":6},"end":{"line":58,"column":29}},"type":"binary-expr","locations":[{"start":{"line":58,"column":6},"end":{"line":58,"column":10}},{"start":{"line":58,"column":14},"end":{"line":58,"column":29}}],"line":58},"8":{"loc":{"start":{"line":66,"column":2},"end":{"line":70,"column":3}},"type":"if","locations":[{"start":{"line":66,"column":2},"end":{"line":70,"column":3}},{"start":{},"end":{}}],"line":66},"9":{"loc":{"start":{"line":74,"column":2},"end":{"line":74,"column":37}},"type":"if","locations":[{"start":{"line":74,"column":2},"end":{"line":74,"column":37}},{"start":{},"end":{}}],"line":74},"10":{"loc":{"start":{"line":96,"column":6},"end":{"line":101,"column":7}},"type":"if","locations":[{"start":{"line":96,"column":6},"end":{"line":101,"column":7}},{"start":{},"end":{}}],"line":96},"11":{"loc":{"start":{"line":97,"column":8},"end":{"line":97,"column":31}},"type":"if","locations":[{"start":{"line":97,"column":8},"end":{"line":97,"column":31}},{"start":{},"end":{}}],"line":97},"12":{"loc":{"start":{"line":98,"column":8},"end":{"line":98,"column":31}},"type":"if","locations":[{"start":{"line":98,"column":8},"end":{"line":98,"column":31}},{"start":{},"end":{}}],"line":98},"13":{"loc":{"start":{"line":99,"column":8},"end":{"line":99,"column":31}},"type":"if","locations":[{"start":{"line":99,"column":8},"end":{"line":99,"column":31}},{"start":{},"end":{}}],"line":99},"14":{"loc":{"start":{"line":100,"column":8},"end":{"line":100,"column":31}},"type":"if","locations":[{"start":{"line":100,"column":8},"end":{"line":100,"column":31}},{"start":{},"end":{}}],"line":100},"15":{"loc":{"start":{"line":107,"column":2},"end":{"line":107,"column":57}},"type":"if","locations":[{"start":{"line":107,"column":2},"end":{"line":107,"column":57}},{"start":{},"end":{}}],"line":107},"16":{"loc":{"start":{"line":107,"column":6},"end":{"line":107,"column":43}},"type":"binary-expr","locations":[{"start":{"line":107,"column":6},"end":{"line":107,"column":22}},{"start":{"line":107,"column":26},"end":{"line":107,"column":43}}],"line":107},"17":{"loc":{"start":{"line":123,"column":9},"end":{"line":123,"column":40}},"type":"binary-expr","locations":[{"start":{"line":123,"column":9},"end":{"line":123,"column":23}},{"start":{"line":123,"column":27},"end":{"line":123,"column":40}}],"line":123},"18":{"loc":{"start":{"line":127,"column":9},"end":{"line":127,"column":28}},"type":"cond-expr","locations":[{"start":{"line":127,"column":22},"end":{"line":127,"column":23}},{"start":{"line":127,"column":26},"end":{"line":127,"column":28}}],"line":127},"19":{"loc":{"start":{"line":131,"column":25},"end":{"line":131,"column":53}},"type":"binary-expr","locations":[{"start":{"line":131,"column":25},"end":{"line":131,"column":48}},{"start":{"line":131,"column":52},"end":{"line":131,"column":53}}],"line":131},"20":{"loc":{"start":{"line":141,"column":22},"end":{"line":141,"column":33}},"type":"default-arg","locations":[{"start":{"line":141,"column":30},"end":{"line":141,"column":33}}],"line":141},"21":{"loc":{"start":{"line":150,"column":0},"end":{"line":162,"column":1}},"type":"if","locations":[{"start":{"line":150,"column":0},"end":{"line":162,"column":1}},{"start":{},"end":{}}],"line":150},"22":{"loc":{"start":{"line":150,"column":4},"end":{"line":150,"column":51}},"type":"binary-expr","locations":[{"start":{"line":150,"column":4},"end":{"line":150,"column":33}},{"start":{"line":150,"column":37},"end":{"line":150,"column":51}}],"line":150}},"s":{"0":1,"1":5,"2":5,"3":5,"4":5,"5":5,"6":1,"7":5,"8":0,"9":0,"10":0,"11":0,"12":0,"13":5,"14":5,"15":5,"16":0,"17":0,"18":0,"19":5,"20":5,"21":5,"22":1,"23":0,"24":1,"25":1,"26":1,"27":1,"28":1,"29":1,"30":0,"31":0,"32":0,"33":1,"34":0,"35":1,"36":1,"37":1,"38":1,"39":3,"40":3,"41":3,"42":3,"43":3,"44":3,"45":3,"46":3,"47":3,"48":3,"49":450,"50":450,"51":135000,"52":135000,"53":135000,"54":1,"55":1,"56":1,"57":1,"58":1,"59":1,"60":1,"61":1,"62":3,"63":3,"64":3,"65":2,"66":1,"67":1,"68":1,"69":1,"70":1,"71":1,"72":1,"73":0,"74":0,"75":0,"76":0,"77":0,"78":0,"79":0,"80":0,"81":0,"82":0,"83":1,"84":5,"85":0,"86":0,"87":0,"88":1,"89":1},"f":{"0":5,"1":1,"2":0,"3":0,"4":0,"5":5,"6":1,"7":1,"8":1,"9":3,"10":0,"11":0,"12":0,"13":5,"14":0,"15":0},"b":{"0":[0,0],"1":[0,0],"2":[0,0],"3":[0,0],"4":[0,1],"5":[1,1],"6":[1,0],"7":[1,1],"8":[0,1],"9":[0,1],"10":[1,134999],"11":[1,0],"12":[1,0],"13":[1,0],"14":[1,0],"15":[2,1],"16":[3,1],"17":[0,0],"18":[0,0],"19":[0,0],"20":[0],"21":[1,0],"22":[1,1]},"_coverageSchema":"1a1c01bbd47fc00a2c39e90264f33305004495a9","hash":"ad8305fe9e859222072f141ef726b1127728c8ee"}
}
