TN:
SF:.stryker-tmp/sandbox-E7v2Zx/stirling-pdf/src/main/resources/static/js/sign/signature-canvas.js
FN:13,(anonymous_0)
FN:17,(anonymous_1)
FN:28,undoDraw
FN:37,redoDraw
FN:45,addDraggableFromPad
FN:53,getCroppedCanvasDataUrl
FN:92,isMobile
FN:98,getDeviceScalingFactor
FN:102,resizeCanvas
FN:113,(anonymous_9)
FN:115,(anonymous_10)
FN:117,(anonymous_11)
FN:123,(anonymous_12)
FN:124,(anonymous_13)
FNF:14
FNH:10
FNDA:1,(anonymous_0)
FNDA:5,(anonymous_1)
FNDA:1,undoDraw
FNDA:1,redoDraw
FNDA:1,addDraggableFromPad
FNDA:1,getCroppedCanvasDataUrl
FNDA:1,isMobile
FNDA:1,getDeviceScalingFactor
FNDA:1,resizeCanvas
FNDA:7,(anonymous_9)
FNDA:0,(anonymous_10)
FNDA:0,(anonymous_11)
FNDA:0,(anonymous_12)
FNDA:0,(anonymous_13)
DA:2,7
DA:3,7
DA:4,7
DA:5,7
DA:11,7
DA:13,7
DA:14,1
DA:17,7
DA:18,5
DA:20,2
DA:21,2
DA:23,3
DA:24,3
DA:29,1
DA:30,1
DA:31,1
DA:32,1
DA:33,1
DA:38,1
DA:39,0
DA:40,0
DA:41,0
DA:46,1
DA:47,1
DA:48,1
DA:49,1
DA:50,1
DA:54,1
DA:55,1
DA:56,1
DA:57,1
DA:59,1
DA:60,1
DA:61,1
DA:62,1
DA:64,1
DA:65,150
DA:66,45000
DA:67,45000
DA:68,45000
DA:69,0
DA:70,0
DA:71,0
DA:72,0
DA:77,1
DA:78,1
DA:79,1
DA:80,0
DA:82,0
DA:83,0
DA:85,0
DA:86,0
DA:87,0
DA:89,0
DA:93,1
DA:94,1
DA:95,1
DA:99,1
DA:103,1
DA:104,1
DA:106,1
DA:107,1
DA:108,1
DA:110,1
DA:113,7
DA:115,7
DA:116,0
DA:117,0
DA:121,7
DA:123,7
DA:124,0
DA:125,0
DA:129,7
DA:132,7
DA:133,7
LF:75
LH:57
BRDA:18,0,0,2
BRDA:18,0,1,3
BRDA:19,1,0,5
BRDA:19,1,1,2
BRDA:22,2,0,3
BRDA:22,2,1,3
BRDA:30,3,0,1
BRDA:30,3,1,0
BRDA:30,4,0,1
BRDA:30,4,1,1
BRDA:38,5,0,0
BRDA:38,5,1,1
BRDA:46,6,0,0
BRDA:46,6,1,1
BRDA:68,7,0,0
BRDA:68,7,1,45000
BRDA:69,8,0,0
BRDA:69,8,1,0
BRDA:70,9,0,0
BRDA:70,9,1,0
BRDA:71,10,0,0
BRDA:71,10,1,0
BRDA:72,11,0,0
BRDA:72,11,1,0
BRDA:79,12,0,1
BRDA:79,12,1,0
BRDA:79,13,0,1
BRDA:79,13,1,0
BRDA:95,14,0,1
BRDA:95,14,1,1
BRDA:99,15,0,0
BRDA:99,15,1,1
BRDA:103,16,0,1
BRDA:103,16,1,0
BRDA:113,17,0,0
BRDA:124,18,0,0
BRDA:124,18,1,0
BRDA:132,19,0,7
BRDA:132,19,1,0
BRDA:132,20,0,7
BRDA:132,20,1,7
BRF:41
BRH:21
end_of_record
TN:
SF:.stryker-tmp/sandbox-n0HRjq/stirling-pdf/src/main/resources/static/js/sign/signature-canvas.js
FN:13,(anonymous_0)
FN:17,(anonymous_1)
FN:28,undoDraw
FN:37,redoDraw
FN:45,addDraggableFromPad
FN:53,getCroppedCanvasDataUrl
FN:92,isMobile
FN:98,getDeviceScalingFactor
FN:102,resizeCanvas
FN:113,(anonymous_9)
FN:115,(anonymous_10)
FN:117,(anonymous_11)
FN:123,(anonymous_12)
FN:124,(anonymous_13)
FNF:14
FNH:10
FNDA:1,(anonymous_0)
FNDA:5,(anonymous_1)
FNDA:1,undoDraw
FNDA:1,redoDraw
FNDA:1,addDraggableFromPad
FNDA:1,getCroppedCanvasDataUrl
FNDA:1,isMobile
FNDA:1,getDeviceScalingFactor
FNDA:1,resizeCanvas
FNDA:7,(anonymous_9)
FNDA:0,(anonymous_10)
FNDA:0,(anonymous_11)
FNDA:0,(anonymous_12)
FNDA:0,(anonymous_13)
DA:2,7
DA:3,7
DA:4,7
DA:5,7
DA:11,7
DA:13,7
DA:14,1
DA:17,7
DA:18,5
DA:20,2
DA:21,2
DA:23,3
DA:24,3
DA:29,1
DA:30,1
DA:31,1
DA:32,1
DA:33,1
DA:38,1
DA:39,0
DA:40,0
DA:41,0
DA:46,1
DA:47,1
DA:48,1
DA:49,1
DA:50,1
DA:54,1
DA:55,1
DA:56,1
DA:57,1
DA:59,1
DA:60,1
DA:61,1
DA:62,1
DA:64,1
DA:65,150
DA:66,45000
DA:67,45000
DA:68,45000
DA:69,0
DA:70,0
DA:71,0
DA:72,0
DA:77,1
DA:78,1
DA:79,1
DA:80,0
DA:82,0
DA:83,0
DA:85,0
DA:86,0
DA:87,0
DA:89,0
DA:93,1
DA:94,1
DA:95,1
DA:99,1
DA:103,1
DA:104,1
DA:106,1
DA:107,1
DA:108,1
DA:110,1
DA:113,7
DA:115,7
DA:116,0
DA:117,0
DA:121,7
DA:123,7
DA:124,0
DA:125,0
DA:129,7
DA:132,7
DA:133,7
LF:75
LH:57
BRDA:18,0,0,2
BRDA:18,0,1,3
BRDA:19,1,0,5
BRDA:19,1,1,2
BRDA:22,2,0,3
BRDA:22,2,1,3
BRDA:30,3,0,1
BRDA:30,3,1,0
BRDA:30,4,0,1
BRDA:30,4,1,1
BRDA:38,5,0,0
BRDA:38,5,1,1
BRDA:46,6,0,0
BRDA:46,6,1,1
BRDA:68,7,0,0
BRDA:68,7,1,45000
BRDA:69,8,0,0
BRDA:69,8,1,0
BRDA:70,9,0,0
BRDA:70,9,1,0
BRDA:71,10,0,0
BRDA:71,10,1,0
BRDA:72,11,0,0
BRDA:72,11,1,0
BRDA:79,12,0,1
BRDA:79,12,1,0
BRDA:79,13,0,1
BRDA:79,13,1,0
BRDA:95,14,0,1
BRDA:95,14,1,1
BRDA:99,15,0,0
BRDA:99,15,1,1
BRDA:103,16,0,1
BRDA:103,16,1,0
BRDA:113,17,0,0
BRDA:124,18,0,0
BRDA:124,18,1,0
BRDA:132,19,0,7
BRDA:132,19,1,0
BRDA:132,20,0,7
BRDA:132,20,1,7
BRF:41
BRH:21
end_of_record
TN:
SF:stirling-pdf/src/main/resources/static/js/sign/signature-canvas.js
FN:7,init
FN:18,(anonymous_1)
FN:23,(anonymous_2)
FN:37,(anonymous_3)
FN:38,(anonymous_4)
FN:46,cleanup
FN:56,undoDraw
FN:65,redoDraw
FN:73,addDraggableFromPad
FN:81,getCroppedCanvasDataUrl
FN:120,isMobile
FN:126,getDeviceScalingFactor
FN:130,resizeCanvas
FN:141,(anonymous_13)
FN:143,(anonymous_14)
FN:145,(anonymous_15)
FNF:16
FNH:8
FNDA:5,init
FNDA:1,(anonymous_1)
FNDA:0,(anonymous_2)
FNDA:0,(anonymous_3)
FNDA:0,(anonymous_4)
FNDA:5,cleanup
FNDA:1,undoDraw
FNDA:1,redoDraw
FNDA:1,addDraggableFromPad
FNDA:3,getCroppedCanvasDataUrl
FNDA:0,isMobile
FNDA:0,getDeviceScalingFactor
FNDA:0,resizeCanvas
FNDA:5,(anonymous_13)
FNDA:0,(anonymous_14)
FNDA:0,(anonymous_15)
DA:3,1
DA:8,5
DA:9,5
DA:10,5
DA:12,5
DA:18,5
DA:19,1
DA:23,5
DA:24,0
DA:26,0
DA:27,0
DA:29,0
DA:30,0
DA:34,5
DA:36,5
DA:37,5
DA:38,0
DA:39,0
DA:43,5
DA:46,5
DA:47,5
DA:52,1
DA:53,0
DA:57,1
DA:58,1
DA:59,1
DA:60,1
DA:61,1
DA:66,1
DA:67,0
DA:68,0
DA:69,0
DA:74,1
DA:75,1
DA:76,1
DA:77,1
DA:78,1
DA:82,3
DA:83,3
DA:84,3
DA:85,3
DA:87,3
DA:88,3
DA:89,3
DA:90,3
DA:92,3
DA:93,450
DA:94,135000
DA:95,135000
DA:96,135000
DA:97,1
DA:98,1
DA:99,1
DA:100,1
DA:105,3
DA:106,3
DA:107,3
DA:108,1
DA:110,1
DA:111,1
DA:113,1
DA:114,1
DA:115,1
DA:117,1
DA:121,0
DA:122,0
DA:123,0
DA:127,0
DA:131,0
DA:132,0
DA:134,0
DA:135,0
DA:136,0
DA:138,0
DA:141,1
DA:143,5
DA:144,0
DA:145,0
DA:150,1
DA:151,1
LF:80
LH:57
BRDA:24,0,0,0
BRDA:24,0,1,0
BRDA:25,1,0,0
BRDA:25,1,1,0
BRDA:28,2,0,0
BRDA:28,2,1,0
BRDA:38,3,0,0
BRDA:38,3,1,0
BRDA:52,4,0,0
BRDA:52,4,1,1
BRDA:52,5,0,1
BRDA:52,5,1,1
BRDA:58,6,0,1
BRDA:58,6,1,0
BRDA:58,7,0,1
BRDA:58,7,1,1
BRDA:66,8,0,0
BRDA:66,8,1,1
BRDA:74,9,0,0
BRDA:74,9,1,1
BRDA:96,10,0,1
BRDA:96,10,1,134999
BRDA:97,11,0,1
BRDA:97,11,1,0
BRDA:98,12,0,1
BRDA:98,12,1,0
BRDA:99,13,0,1
BRDA:99,13,1,0
BRDA:100,14,0,1
BRDA:100,14,1,0
BRDA:107,15,0,2
BRDA:107,15,1,1
BRDA:107,16,0,3
BRDA:107,16,1,1
BRDA:123,17,0,0
BRDA:123,17,1,0
BRDA:127,18,0,0
BRDA:127,18,1,0
BRDA:131,19,0,0
BRDA:131,19,1,0
BRDA:141,20,0,0
BRDA:150,21,0,1
BRDA:150,21,1,0
BRDA:150,22,0,1
BRDA:150,22,1,1
BRF:45
BRH:21
end_of_record
